<?xml version="1.0" encoding="UTF-8"?>
<testsuite name="TestJSONHandlerClass" tests="1" skipped="0" failures="0" errors="0" timestamp="2024-12-09T09:34:03" hostname="LAPTOP-UGFHQ1JJ" time="0.102">
  <properties/>
  <testcase name="testImportData()" classname="TestJSONHandlerClass" time="0.102"/>
  <system-out><![CDATA[]]></system-out>
  <system-err><![CDATA[]]></system-err>
</testsuite>
