<?xml version="1.0" encoding="UTF-8"?>
<testsuite name="TestJSONHandlerClass" tests="1" skipped="0" failures="0" errors="0" timestamp="2024-12-06T17:50:01" hostname="DESKTOP-MI0P5CL" time="0.036">
  <properties/>
  <testcase name="testImportData()" classname="TestJSONHandlerClass" time="0.036"/>
  <system-out><![CDATA[]]></system-out>
  <system-err><![CDATA[]]></system-err>
</testsuite>
