<?xml version="1.0" encoding="UTF-8"?>
<testsuite name="TestJSONHandlerClass" tests="1" skipped="0" failures="0" errors="0" timestamp="2024-12-07T17:18:30" hostname="LAPTOP-UGFHQ1JJ" time="0.072">
  <properties/>
  <testcase name="testImportData()" classname="TestJSONHandlerClass" time="0.072"/>
  <system-out><![CDATA[]]></system-out>
  <system-err><![CDATA[]]></system-err>
</testsuite>
