<?xml version="1.0" encoding="UTF-8"?>
<testsuite name="TestJSONHandlerClass" tests="1" skipped="0" failures="0" errors="0" timestamp="2024-11-30T12:24:33" hostname="DESKTOP-336O0HR" time="0.082">
  <properties/>
  <testcase name="testImportData()" classname="TestJSONHandlerClass" time="0.082"/>
  <system-out><![CDATA[]]></system-out>
  <system-err><![CDATA[]]></system-err>
</testsuite>
